<?xml version="1.0" encoding="UTF-8"?>
<!-- Generated by org.testng.reporters.JUnitReportReporter -->
<testsuite hostname="Indus-MacBook-Pro.local" failures="0" tests="1" name="TestCases.LoginTestCRM" time="5.980" errors="0" timestamp="2020-09-03T16:28:01 EDT" skipped="0">
  <testcase classname="TestCases.LoginTestCRM" name="loginTest_ValidCredentials" time="5.980"/>
  <system-out/>
</testsuite> <!-- TestCases.LoginTestCRM -->
