<?xml version="1.0" encoding="UTF-8"?>
<!-- Generated by org.testng.reporters.JUnitReportReporter -->
<testsuite hostname="Indus-MacBook-Pro.local" failures="0" tests="1" name="TestCases.LoginTest" time="4.975" errors="0" timestamp="2020-08-27T10:38:42 EDT" skipped="0">
  <testcase classname="TestCases.LoginTest" name="loginValidation_validCredentials" time="4.975"/>
  <system-out/>
</testsuite> <!-- TestCases.LoginTest -->
