<?xml version="1.0" encoding="UTF-8"?>
<!-- Generated by org.testng.reporters.JUnitReportReporter -->
<testsuite hostname="Indus-MacBook-Pro.local" failures="0" tests="2" name="com.qa.test.GetAPITest" time="0.803" errors="0" timestamp="2020-04-23T10:50:09 EDT" skipped="0">
  <testcase classname="com.qa.test.GetAPITest" name="getAPITestWithoutHeaders" time="0.673"/>
  <system-out/>
  <testcase classname="com.qa.test.GetAPITest" name="getAPITestWithHeaders" time="0.130"/>
  <system-out/>
</testsuite> <!-- com.qa.test.GetAPITest -->
