<?xml version="1.0" encoding="UTF-8"?>
<!-- Generated by org.testng.reporters.JUnitReportReporter -->
<testsuite hostname="Indus-MacBook-Pro.local" failures="0" tests="1" name="com.qa.test.PostAPITest" time="1.360" errors="0" timestamp="2020-04-24T22:29:53 EDT" skipped="0">
  <testcase classname="com.qa.test.PostAPITest" name="postRequestValidation" time="1.360"/>
  <system-out/>
</testsuite> <!-- com.qa.test.PostAPITest -->
