<?xml version="1.0" encoding="UTF-8"?>
<!-- Generated by org.testng.reporters.JUnitReportReporter -->
<testsuite hostname="Indus-MacBook-Pro.local" failures="0" tests="1" name="com.Rest.Practice.GetRequest" time="2.567" errors="0" timestamp="26 Apr. 2020 05:07:02 GMT" skipped="0">
  <testcase classname="com.Rest.Practice.GetRequest" name="ValidateCountCircuitID_2017" time="2.567"/>
</testsuite> <!-- com.Rest.Practice.GetRequest -->
