<?xml version="1.0" encoding="UTF-8"?>
<!-- Generated by org.testng.reporters.JUnitReportReporter -->
<testsuite hostname="Indus-MacBook-Pro.local" failures="0" tests="1" name="com.Rest.Practice.GetReqPractice" time="1.384" errors="0" timestamp="27 Apr. 2020 02:42:55 GMT" skipped="0">
  <testcase classname="com.Rest.Practice.GetReqPractice" name="IteratingOverHeaders" time="1.384"/>
</testsuite> <!-- com.Rest.Practice.GetReqPractice -->
